 green-avail-enb srwp01byx012.stubprod.com
 green-avail-enb srwp01byx013.stubprod.com
 red-off-enb srwp01byx011.stubprod.com
 red-off-enb srwp01byx012.stubprod.com
 green-avail-enb 10.80.81.106
 green-avail-enb 10.80.81.107
 green-avail-enb 10.80.81.45
 green-avail-enb srwp01lcx007.stubprod.com
 green-avail-enb 10.80.81.108
 green-avail-enb 10.80.81.109
 green-avail-enb srwp01byx014.stubprod.com
 green-avail-enb 10.80.81.105
 red-off-enb srwp01buy005.stubprod.com
 black-off-dis srwp01buy006.stubprod.com
 green-avail-enb 10.80.81.114
 green-avail-enb 10.80.81.115
 green-avail-enb srwp01byx014.stubprod.com
 green-avail-enb 10.80.81.105
 green-avail-enb 10.80.81.114
 green-avail-enb 10.80.81.115
 green-avail-enb 10.80.81.100
 green-avail-enb srwp01byx011.stubprod.com
 green-avail-enb srwp01byx012.stubprod.com
 green-avail-enb srwp01byx013.stubprod.com
 green-avail-enb 10.80.81.110
 green-avail-enb srwp01abx001.stubprod.com
 green-avail-enb srwp01brx007.stubprod.com
 green-avail-enb srwp01brx008.stubprod.com
 red-off-enb srwp01brx010.stubprod.com
 red-off-enb srwp01brx011.stubprod.com
 green-avail-enb srwp01abx001.stubprod.com
 green-avail-enb srwp01abx002.stubprod.com
 red-off-enb srwp01abx003.stubprod.com
 black-avail-dis srwp01abx001.stubprod.com
 black-avail-dis srwp01abx002.stubprod.com
 green-avail-enb srwp01abx003.stubprod.com
 black-avail-dis srwp01abx001.stubprod.com
 black-avail-dis srwp01abx002.stubprod.com
 green-avail-enb srwp01abx003.stubprod.com
 green-avail-enb srwpv1brs001.stubprod.com
 green-avail-enb srwp01brs002.stubprod.com
 green-avail-enb srwpv1brs003.stubprod.com
 green-avail-enb srwp01brs004.stubprod.com
 green-avail-enb srwp01brs005.stubprod.com
 green-avail-enb srwp01brs006.stubprod.com
 green-avail-enb srwp01brs007.stubprod.com
 green-avail-enb srwp01brs008.stubprod.com
 green-avail-enb srwpv1brs012.stubprod.com
 green-avail-enb srwp01brs010.stubprod.com
 green-avail-enb srwpv1brs011.stubprod.com
 green-avail-enb srwp01brs009.stubprod.com
 green-avail-enb srwpv1brs013.stubprod.com
 green-avail-enb srwp01brs014.stubprod.com
 green-avail-enb srwp01brs015.stubprod.com
 green-avail-enb srwp01brs016.stubprod.com
 green-avail-enb srwp01buy005.stubprod.com
 green-avail-enb srwp01buy006.stubprod.com
 green-avail-enb srwp01buy007.stubprod.com
 green-avail-enb srwp01buy008.stubprod.com
 green-avail-enb srwp01byx011.stubprod.com
 green-avail-enb srwp01byx012.stubprod.com
 green-avail-enb srwp01byx013.stubprod.com
 green-avail-enb srwp01byx014.stubprod.com
 green-avail-enb srwpv1byx001.stubprod.com
 green-avail-enb srwpv1byx002.stubprod.com
 green-avail-enb srwp01byx003.stubprod.com
 green-avail-enb srwp01byx004.stubprod.com
 green-avail-enb srwp01byx005.stubprod.com
 green-avail-enb srwp01byx006.stubprod.com
 green-avail-enb srwp01byx007.stubprod.com
 green-avail-enb srwp01byx008.stubprod.com
 green-avail-enb srwp01byx009.stubprod.com
 green-avail-enb srwp01byx010.stubprod.com
 green-avail-enb srwp01byx011.stubprod.com
 green-avail-enb srwp01byx012.stubprod.com
 green-avail-enb srwp01byx013.stubprod.com
 green-avail-enb srwp01byx014.stubprod.com
 green-avail-enb srwpv1byx001.stubprod.com
 green-avail-enb srwpv1byx002.stubprod.com
 green-avail-enb srwp01byx003.stubprod.com
 green-avail-enb srwp01byx004.stubprod.com
 green-avail-enb srwp01byx005.stubprod.com
 green-avail-enb srwp01byx006.stubprod.com
 green-avail-enb srwp01byx007.stubprod.com
 green-avail-enb srwp01byx008.stubprod.com
 green-avail-enb srwp01byx009.stubprod.com
 green-avail-enb srwp01byx010.stubprod.com
 green-avail-enb srwpv1cfn004.stubprod.com
 green-avail-enb srwp01cfn005.stubprod.com
 green-avail-enb srwp01cfn006.stubprod.com
 green-avail-enb srwp01cfn007.stubprod.com
 green-avail-enb srwp01cfn012.stubprod.com
 green-avail-enb srwp01cfn013.stubprod.com
 green-avail-enb srwp01cfn014.stubprod.com
 green-avail-enb srwpv1cfn004.stubprod.com
 green-avail-enb srwp01cfn005.stubprod.com
 green-avail-enb srwp01cfn006.stubprod.com
 green-avail-enb srwp01cfn007.stubprod.com
 green-avail-enb srwp01cfn012.stubprod.com
 green-avail-enb srwp01cfn013.stubprod.com
 green-avail-enb srwp01cfn014.stubprod.com
 green-avail-enb srwpv1dfx001.stubprod.com
 red-off-enb srwp01dfx002.stubprod.com
 green-avail-enb srwp01dfx003.stubprod.com
 green-avail-enb srwp01dfx004.stubprod.com
 red-off-enb srwp01bys001.stubprod.com
 red-off-enb srwp01bys002.stubprod.com
 green-avail-enb srwp01fxx011.stubprod.com
 green-avail-enb srwp01fxx012.stubprod.com
 green-avail-enb srwp01fxx013.stubprod.com
 green-avail-enb srwp01fxx014.stubprod.com
 green-avail-enb srwpv1fxx001.stubprod.com
 green-avail-enb srwp01fxx002.stubprod.com
 green-avail-enb srwp01fxx003.stubprod.com
 green-avail-enb srwp01fxx004.stubprod.com
 green-avail-enb srwpv1fxx005.stubprod.com
 green-avail-enb srwp01fxx006.stubprod.com
 green-avail-enb srwp01fxx007.stubprod.com
 green-avail-enb srwp01fxx008.stubprod.com
 green-avail-enb srwp01fxx009.stubprod.com
 green-avail-enb srwp01fxx010.stubprod.com
 green-avail-enb srwp01brx007.stubprod.com
 green-avail-enb srwp01brx008.stubprod.com
 green-avail-enb srwp01brx009.stubprod.com
 green-avail-enb srwp01brx001.stubprod.com
 green-avail-enb srwp01brx002.stubprod.com
 green-avail-enb srwp01brx003.stubprod.com
 green-avail-enb srwp01brx004.stubprod.com
 green-avail-enb srwp01brx005.stubprod.com
 green-avail-enb srwp01brx006.stubprod.com
 green-avail-enb srwp01brx010.stubprod.com
 green-avail-enb srwp01brx011.stubprod.com
 green-avail-enb srwp01brx012.stubprod.com
 green-avail-enb srwp01brx013.stubprod.com
 green-avail-enb srwp01brx014.stubprod.com
 green-avail-enb srwpv1edl001.stubprod.com
 green-avail-enb srwp01edl002.stubprod.com
 green-avail-enb srwp01edl003.stubprod.com
 green-avail-enb srwp01edl004.stubprod.com
 green-avail-enb srwp01edl005.stubprod.com
 green-avail-enb srwp01edl006.stubprod.com
 green-avail-enb srwp01lcx007.stubprod.com
 green-avail-enb srwp01lcx008.stubprod.com
 green-avail-enb srwp01lcx001.stubprod.com
 green-avail-enb srwp01lcx002.stubprod.com
 green-avail-enb srwp01lcx003.stubprod.com
 green-avail-enb srwp01lcx004.stubprod.com
 green-avail-enb srwp01lcx005.stubprod.com
 green-avail-enb srwp01lcx009.stubprod.com
 green-avail-enb srwp01lcx010.stubprod.com
 green-avail-enb srwp01lcx011.stubprod.com
 green-avail-enb srwp01lcx006.stubprod.com
 green-avail-enb srwp01mya001.stubprod.com
 black-off-dis srwp01mya002.stubprod.com
 green-avail-enb srwp01mya003.stubprod.com
 black-off-dis srwp01mya004.stubprod.com
 green-avail-enb srwpv1myx001.stubprod.com
 green-avail-enb srwpv1myx002.stubprod.com
 green-avail-enb srwp01myx003.stubprod.com
 green-avail-enb srwp01myx004.stubprod.com
 green-avail-enb srwp01myx005.stubprod.com
 green-avail-enb srwp01myx006.stubprod.com
 green-avail-enb srwp01myx007.stubprod.com
 green-avail-enb srwp01myx008.stubprod.com
 green-avail-enb srwpv1lms001.stubprod.com
 green-avail-enb srwp01lms002.stubprod.com
 green-avail-enb srwp01lms003.stubprod.com
 green-avail-enb srwp01lms004.stubprod.com
 green-avail-enb srwpv1slx001.stubprod.com
 green-avail-enb srwp01slx002.stubprod.com
 green-avail-enb srwp01slx003.stubprod.com
 black-off-dis srwp01slx004.stubprod.com
 green-avail-enb srwp01slx005.stubprod.com
 green-avail-enb srwp01slx006.stubprod.com
 green-avail-enb srwp01slx007.stubprod.com
 green-avail-enb srwp01slx008.stubprod.com
 green-avail-enb srwpv1sws001.stubprod.com
 green-avail-enb srwp01sws002.stubprod.com
 green-avail-enb srwp01sws003.stubprod.com
 green-avail-enb srwp01sws004.stubprod.com
 green-avail-enb srwp01sws005.stubprod.com
 green-avail-enb srwp01sws006.stubprod.com
 green-avail-enb srwpv1sws001.stubprod.com
 green-avail-enb srwp01sws002.stubprod.com
 green-avail-enb srwp01sws003.stubprod.com
 green-avail-enb srwp01sws004.stubprod.com
 green-avail-enb srwp01sws005.stubprod.com
 green-avail-enb srwp01sws006.stubprod.com
 green-avail-enb srwpv1stc001.stubprod.com
 green-avail-enb srwp01stc002.stubprod.com
 green-avail-enb srwp01stc003.stubprod.com
 green-avail-enb srwp01stc004.stubprod.com
 red-off-enb srwp01tsb001.stubprod.com
 black-off-dis srwp01tsb002.stubprod.com
 black-off-dis 10.80.81.45
 black-avail-dis srwp01lcx007.stubprod.com
 red-off-enb srwp01lcx008.stubprod.com
 black-off-dis srwp01tsl002.stubprod.com
 black-off-dis srwp01tsl003.stubprod.com
 black-off-dis srwp01tsl004.stubprod.com
 green-avail-enb srwpv1upx001.stubprod.com
 green-avail-enb srwp01upx002.stubprod.com
 green-avail-enb srwp01upx003.stubprod.com
 green-avail-enb srwp01upx004.stubprod.com
 green-avail-enb 10.80.81.116
 green-avail-enb 10.80.81.117
 green-avail-enb 10.80.81.108
 green-avail-enb 10.80.81.109
 green-avail-enb srwp01lcx007.stubprod.com
 green-avail-enb srwp01lcx008.stubprod.com
 green-avail-enb srwp01lcx001.stubprod.com
 green-avail-enb srwp01lcx002.stubprod.com
 green-avail-enb srwp01lcx003.stubprod.com
 green-avail-enb srwp01lcx004.stubprod.com
 green-avail-enb srwp01lcx005.stubprod.com
 green-avail-enb srwp01lcx009.stubprod.com
 green-avail-enb srwp01lcx010.stubprod.com
 green-avail-enb srwp01lcx011.stubprod.com
 green-avail-enb srwp01lcx006.stubprod.com
 red-off-enb srwp01buy005.stubprod.com
 black-off-dis srwp01buy006.stubprod.com
 green-avail-enb 10.80.81.106
 green-avail-enb 10.80.81.107
 green-avail-enb 10.80.81.25
 green-avail-enb 10.80.81.26
 green-avail-enb srwp01lcx007.stubprod.com
 green-avail-enb srwp01lcx008.stubprod.com
 green-avail-enb srwp01lcx001.stubprod.com
 green-avail-enb srwp01lcx002.stubprod.com
 green-avail-enb srwp01lcx003.stubprod.com
 green-avail-enb srwp01lcx004.stubprod.com
 green-avail-enb srwp01lcx005.stubprod.com
 green-avail-enb srwp01lcx009.stubprod.com
 green-avail-enb srwp01lcx010.stubprod.com
 green-avail-enb srwp01lcx011.stubprod.com
 green-avail-enb srwp01brx007.stubprod.com
 green-avail-enb srwp01brx008.stubprod.com
 green-avail-enb srwp01brx009.stubprod.com
 green-avail-enb srwp01brx001.stubprod.com
 green-avail-enb srwp01brx002.stubprod.com
 green-avail-enb srwp01brx003.stubprod.com
 green-avail-enb srwp01brx004.stubprod.com
 green-avail-enb srwp01brx005.stubprod.com
 green-avail-enb srwp01brx006.stubprod.com
 green-avail-enb srwp01lcx006.stubprod.com
 green-avail-enb srwp01brx010.stubprod.com
 green-avail-enb srwp01brx011.stubprod.com
 green-avail-enb srwp01brx012.stubprod.com
 green-avail-enb srwp01brx013.stubprod.com
 green-avail-enb srwp01brx014.stubprod.com
 green-avail-enb srwp01abx002.stubprod.com
 green-avail-enb srwp01abx003.stubprod.com
 green-avail-enb 10.80.81.116
 green-avail-enb 10.80.81.117
 green-avail-enb 10.80.81.25
 green-avail-enb 10.80.81.26
 green-avail-enb 10.80.81.110
 green-avail-enb srwp01abx001.stubprod.com
 green-avail-enb srwp01abx002.stubprod.com
 green-avail-enb srwp01abx003.stubprod.com
 green-avail-enb 10.80.81.100
 green-avail-enb srwp01byx011.stubprod.com
 red-off-enb srwpv1myx001.stubprod.com
 


