secure.eventprocess.com-ssl: srwp01byx012.stubprod.com GREEN ENABLED
secure.eventprocess.com-ssl: srwp01byx013.stubprod.com GREEN ENABLED
SRWP01-MXX: srwp01byx011.stubprod.com BLUE ENABLED
SRWP01-MXX: srwp01byx012.stubprod.com BLUE ENABLED
fedex.eventprocess.com: 10.80.81.106 GREEN ENABLED
fedex.eventprocess.com: 10.80.81.107 GREEN ENABLED
ftp.eventprocess.com-pool: 10.80.81.45 GREEN ENABLED
ftp.eventprocess.com-pool: srwp01lcx007.stubprod.com GREEN ENABLED
pricedevent.eventprocess.com: 10.80.81.108 GREEN ENABLED
pricedevent.eventprocess.com: 10.80.81.109 GREEN ENABLED
www.tickettechnology.com: srwp01byx014.stubprod.com GREEN ENABLED
www.tickettechnology.com: 10.80.81.105 GREEN ENABLED
exchange.eventprocess.com: srwp01buy005.stubprod.com BLUE ENABLED
exchange.eventprocess.com: srwp01buy006.stubprod.com RED DISABLED
external.eventprocess.com-ssl: 10.80.81.114 GREEN ENABLED
external.eventprocess.com-ssl: 10.80.81.115 GREEN ENABLED
www.tickettechnology.com-ssl: srwp01byx014.stubprod.com GREEN ENABLED
www.tickettechnology.com-ssl: 10.80.81.105 GREEN ENABLED
external.eventprocess.com: 10.80.81.114 GREEN ENABLED
external.eventprocess.com: 10.80.81.115 GREEN ENABLED
www.sosticket.com-ssl: 10.80.81.100 GREEN ENABLED
www.sosticket.com-ssl: srwp01byx011.stubprod.com GREEN ENABLED
secure.eventprocess.com: srwp01byx012.stubprod.com GREEN ENABLED
secure.eventprocess.com: srwp01byx013.stubprod.com GREEN ENABLED
xmlfeed.eventprocess.com: 10.80.81.110 GREEN ENABLED
xmlfeed.eventprocess.com: srwp01abx001.stubprod.com GREEN ENABLED
www.brokersites.com: srwp01brx007.stubprod.com GREEN ENABLED
www.brokersites.com: srwp01brx008.stubprod.com GREEN ENABLED
www.brokersites.com: srwp01brx010.stubprod.com RED ENABLED
www.brokersites.com: srwp01brx011.stubprod.com RED ENABLED
SRWP01-ABX: srwp01abx001.stubprod.com GREEN ENABLED
SRWP01-ABX: srwp01abx002.stubprod.com GREEN ENABLED
SRWP01-ABX: srwp01abx003.stubprod.com RED ENABLED
SRWP01-ABX-FTP: srwp01abx001.stubprod.com GREEN DISABLED
SRWP01-ABX-FTP: srwp01abx002.stubprod.com GREEN DISABLED
SRWP01-ABX-FTP: srwp01abx003.stubprod.com GREEN ENABLED
SRWP01-ABX-FTPDATA: srwp01abx001.stubprod.com GREEN DISABLED
SRWP01-ABX-FTPDATA: srwp01abx002.stubprod.com GREEN DISABLED
SRWP01-ABX-FTPDATA: srwp01abx003.stubprod.com GREEN ENABLED
SRWP01-BROWSE: srwpv1brs001.stubprod.com GREEN ENABLED
SRWP01-BROWSE: srwp01brs002.stubprod.com GREEN ENABLED
SRWP01-BROWSE: srwpv1brs003.stubprod.com GREEN ENABLED
SRWP01-BROWSE: srwp01brs004.stubprod.com GREEN ENABLED
SRWP01-BROWSE: srwp01brs005.stubprod.com GREEN ENABLED
SRWP01-BROWSE: srwp01brs006.stubprod.com GREEN ENABLED
SRWP01-BROWSE: srwp01brs007.stubprod.com GREEN ENABLED
SRWP01-BROWSE: srwp01brs008.stubprod.com GREEN ENABLED
SRWP01-BROWSE: srwpv1brs012.stubprod.com GREEN ENABLED
SRWP01-BROWSE: srwp01brs010.stubprod.com GREEN ENABLED
SRWP01-BROWSE: srwpv1brs011.stubprod.com GREEN ENABLED
SRWP01-BROWSE: srwp01brs009.stubprod.com GREEN ENABLED
SRWP01-BROWSE: srwpv1brs013.stubprod.com GREEN ENABLED
SRWP01-BROWSE: srwp01brs014.stubprod.com GREEN ENABLED
SRWP01-BROWSE: srwp01brs015.stubprod.com GREEN ENABLED
SRWP01-BROWSE: srwp01brs016.stubprod.com GREEN ENABLED
SRWP01-BUY: srwp01buy005.stubprod.com GREEN ENABLED
SRWP01-BUY: srwp01buy006.stubprod.com GREEN ENABLED
SRWP01-BUY: srwp01buy007.stubprod.com GREEN ENABLED
SRWP01-BUY: srwp01buy008.stubprod.com GREEN ENABLED
SRWP01-BYX: srwp01byx011.stubprod.com GREEN ENABLED
SRWP01-BYX: srwp01byx012.stubprod.com GREEN ENABLED
SRWP01-BYX: srwp01byx013.stubprod.com GREEN ENABLED
SRWP01-BYX: srwp01byx014.stubprod.com GREEN ENABLED
SRWP01-BYX: srwpv1byx001.stubprod.com GREEN ENABLED
SRWP01-BYX: srwpv1byx002.stubprod.com GREEN ENABLED
SRWP01-BYX: srwp01byx003.stubprod.com GREEN ENABLED
SRWP01-BYX: srwp01byx004.stubprod.com GREEN ENABLED
SRWP01-BYX: srwp01byx005.stubprod.com GREEN ENABLED
SRWP01-BYX: srwp01byx006.stubprod.com GREEN ENABLED
SRWP01-BYX: srwp01byx007.stubprod.com GREEN ENABLED
SRWP01-BYX: srwp01byx008.stubprod.com GREEN ENABLED
SRWP01-BYX: srwp01byx009.stubprod.com GREEN ENABLED
SRWP01-BYX: srwp01byx010.stubprod.com GREEN ENABLED
SRWP01-BYX-MOBILE: srwp01byx011.stubprod.com GREEN ENABLED
SRWP01-BYX-MOBILE: srwp01byx012.stubprod.com GREEN ENABLED
SRWP01-BYX-MOBILE: srwp01byx013.stubprod.com GREEN ENABLED
SRWP01-BYX-MOBILE: srwp01byx014.stubprod.com GREEN ENABLED
SRWP01-BYX-MOBILE: srwpv1byx001.stubprod.com GREEN ENABLED
SRWP01-BYX-MOBILE: srwpv1byx002.stubprod.com GREEN ENABLED
SRWP01-BYX-MOBILE: srwp01byx003.stubprod.com GREEN ENABLED
SRWP01-BYX-MOBILE: srwp01byx004.stubprod.com GREEN ENABLED
SRWP01-BYX-MOBILE: srwp01byx005.stubprod.com GREEN ENABLED
SRWP01-BYX-MOBILE: srwp01byx006.stubprod.com GREEN ENABLED
SRWP01-BYX-MOBILE: srwp01byx007.stubprod.com GREEN ENABLED
SRWP01-BYX-MOBILE: srwp01byx008.stubprod.com GREEN ENABLED
SRWP01-BYX-MOBILE: srwp01byx009.stubprod.com GREEN ENABLED
SRWP01-BYX-MOBILE: srwp01byx010.stubprod.com GREEN ENABLED
SRWP01-CF: srwpv1cfn004.stubprod.com GREEN ENABLED
SRWP01-CF: srwp01cfn005.stubprod.com GREEN ENABLED
SRWP01-CF: srwp01cfn006.stubprod.com GREEN ENABLED
SRWP01-CF: srwp01cfn007.stubprod.com GREEN ENABLED
SRWP01-CF: srwp01cfn012.stubprod.com GREEN ENABLED
SRWP01-CF: srwp01cfn013.stubprod.com GREEN ENABLED
SRWP01-CF: srwp01cfn014.stubprod.com GREEN ENABLED
SRWP01-CF_443: srwpv1cfn004.stubprod.com GREEN ENABLED
SRWP01-CF_443: srwp01cfn005.stubprod.com GREEN ENABLED
SRWP01-CF_443: srwp01cfn006.stubprod.com GREEN ENABLED
SRWP01-CF_443: srwp01cfn007.stubprod.com GREEN ENABLED
SRWP01-CF_443: srwp01cfn012.stubprod.com GREEN ENABLED
SRWP01-CF_443: srwp01cfn013.stubprod.com GREEN ENABLED
SRWP01-CF_443: srwp01cfn014.stubprod.com GREEN ENABLED
SRWP01-DFX: srwpv1dfx001.stubprod.com GREEN ENABLED
SRWP01-DFX: srwp01dfx002.stubprod.com RED ENABLED
SRWP01-DFX: srwp01dfx003.stubprod.com GREEN ENABLED
SRWP01-DFX: srwp01dfx004.stubprod.com GREEN ENABLED
SRWP01-DISRUPTIVE: srwp01bys001.stubprod.com BLUE ENABLED
SRWP01-DISRUPTIVE: srwp01bys002.stubprod.com BLUE DISABLED
SRWP01-FXX: srwp01fxx011.stubprod.com GREEN ENABLED
SRWP01-FXX: srwp01fxx012.stubprod.com GREEN ENABLED
SRWP01-FXX: srwp01fxx013.stubprod.com GREEN ENABLED
SRWP01-FXX: srwp01fxx014.stubprod.com GREEN ENABLED
SRWP01-FXX: srwpv1fxx001.stubprod.com GREEN ENABLED
SRWP01-FXX: srwp01fxx002.stubprod.com GREEN ENABLED
SRWP01-FXX: srwp01fxx003.stubprod.com GREEN ENABLED
SRWP01-FXX: srwp01fxx004.stubprod.com GREEN ENABLED
SRWP01-FXX: srwpv1fxx005.stubprod.com GREEN ENABLED
SRWP01-FXX: srwp01fxx006.stubprod.com GREEN ENABLED
SRWP01-FXX: srwp01fxx007.stubprod.com GREEN ENABLED
SRWP01-FXX: srwp01fxx008.stubprod.com GREEN ENABLED
SRWP01-FXX: srwp01fxx009.stubprod.com GREEN ENABLED
SRWP01-FXX: srwp01fxx010.stubprod.com GREEN ENABLED
SRWP01-G3-BRX: srwp01brx007.stubprod.com GREEN ENABLED
SRWP01-G3-BRX: srwp01brx008.stubprod.com GREEN ENABLED
SRWP01-G3-BRX: srwp01brx009.stubprod.com GREEN ENABLED
SRWP01-G3-BRX: srwp01brx001.stubprod.com GREEN ENABLED
SRWP01-G3-BRX: srwp01brx002.stubprod.com GREEN ENABLED
SRWP01-G3-BRX: srwp01brx003.stubprod.com GREEN ENABLED
SRWP01-G3-BRX: srwp01brx004.stubprod.com GREEN ENABLED
SRWP01-G3-BRX: srwp01brx005.stubprod.com GREEN ENABLED
SRWP01-G3-BRX: srwp01brx006.stubprod.com GREEN ENABLED
SRWP01-G3-BRX: srwp01brx010.stubprod.com GREEN ENABLED
SRWP01-G3-BRX: srwp01brx011.stubprod.com GREEN ENABLED
SRWP01-G3-BRX: srwp01brx012.stubprod.com GREEN ENABLED
SRWP01-G3-BRX: srwp01brx013.stubprod.com GREEN ENABLED
SRWP01-G3-BRX: srwp01brx014.stubprod.com GREEN ENABLED
SRWP01-GEN3APPS: srwpv1edl001.stubprod.com GREEN ENABLED
SRWP01-GEN3APPS: srwp01edl002.stubprod.com GREEN ENABLED
SRWP01-GEN3APPS: srwp01edl003.stubprod.com GREEN ENABLED
SRWP01-GEN3APPS: srwp01edl004.stubprod.com GREEN ENABLED
SRWP01-GEN3APPS: srwp01edl005.stubprod.com GREEN ENABLED
SRWP01-GEN3APPS: srwp01edl006.stubprod.com GREEN ENABLED
SRWP01-LCX: srwp01lcx007.stubprod.com GREEN ENABLED
SRWP01-LCX: srwp01lcx008.stubprod.com GREEN ENABLED
SRWP01-LCX: srwp01lcx001.stubprod.com GREEN ENABLED
SRWP01-LCX: srwp01lcx002.stubprod.com GREEN ENABLED
SRWP01-LCX: srwp01lcx003.stubprod.com GREEN ENABLED
SRWP01-LCX: srwp01lcx004.stubprod.com GREEN ENABLED
SRWP01-LCX: srwp01lcx005.stubprod.com GREEN ENABLED
SRWP01-LCX: srwp01lcx009.stubprod.com GREEN ENABLED
SRWP01-LCX: srwp01lcx010.stubprod.com GREEN ENABLED
SRWP01-LCX: srwp01lcx011.stubprod.com GREEN ENABLED
SRWP01-LCX: srwp01lcx006.stubprod.com GREEN ENABLED
SRWP01-MYACCOUNT: srwp01mya001.stubprod.com GREEN ENABLED
SRWP01-MYACCOUNT: srwp01mya002.stubprod.com RED DISABLED
SRWP01-MYACCOUNT: srwp01mya003.stubprod.com GREEN ENABLED
SRWP01-MYACCOUNT: srwp01mya004.stubprod.com RED DISABLED
SRWP01-MYX: srwpv1myx001.stubprod.com GREEN ENABLED
SRWP01-MYX: srwpv1myx002.stubprod.com GREEN ENABLED
SRWP01-MYX: srwp01myx003.stubprod.com GREEN ENABLED
SRWP01-MYX: srwp01myx004.stubprod.com GREEN ENABLED
SRWP01-MYX: srwp01myx005.stubprod.com GREEN ENABLED
SRWP01-MYX: srwp01myx006.stubprod.com GREEN ENABLED
SRWP01-MYX: srwp01myx007.stubprod.com GREEN ENABLED
SRWP01-MYX: srwp01myx008.stubprod.com GREEN ENABLED
SRWP01-REST: srwpv1lms001.stubprod.com GREEN ENABLED
SRWP01-REST: srwp01lms002.stubprod.com GREEN ENABLED
SRWP01-REST: srwp01lms003.stubprod.com GREEN ENABLED
SRWP01-REST: srwp01lms004.stubprod.com GREEN ENABLED
SRWP01-SLX: srwpv1slx001.stubprod.com GREEN ENABLED
SRWP01-SLX: srwp01slx002.stubprod.com GREEN ENABLED
SRWP01-SLX: srwp01slx003.stubprod.com GREEN ENABLED
SRWP01-SLX: srwp01slx004.stubprod.com RED DISABLED
SRWP01-SLX: srwp01slx005.stubprod.com GREEN ENABLED
SRWP01-SLX: srwp01slx006.stubprod.com GREEN ENABLED
SRWP01-SLX: srwp01slx007.stubprod.com GREEN ENABLED
SRWP01-SLX: srwp01slx008.stubprod.com GREEN ENABLED
SRWP01-STATIC: srwpv1sws001.stubprod.com GREEN ENABLED
SRWP01-STATIC: srwp01sws002.stubprod.com GREEN ENABLED
SRWP01-STATIC: srwp01sws003.stubprod.com GREEN ENABLED
SRWP01-STATIC: srwp01sws004.stubprod.com GREEN ENABLED
SRWP01-STATIC: srwp01sws005.stubprod.com GREEN ENABLED
SRWP01-STATIC: srwp01sws006.stubprod.com GREEN ENABLED
SRWP01-STATIC-HTTPS: srwpv1sws001.stubprod.com GREEN ENABLED
SRWP01-STATIC-HTTPS: srwp01sws002.stubprod.com GREEN ENABLED
SRWP01-STATIC-HTTPS: srwp01sws003.stubprod.com GREEN ENABLED
SRWP01-STATIC-HTTPS: srwp01sws004.stubprod.com GREEN ENABLED
SRWP01-STATIC-HTTPS: srwp01sws005.stubprod.com GREEN ENABLED
SRWP01-STATIC-HTTPS: srwp01sws006.stubprod.com GREEN ENABLED
SRWP01-STUBCONNECT: srwpv1stc001.stubprod.com GREEN ENABLED
SRWP01-STUBCONNECT: srwp01stc002.stubprod.com GREEN ENABLED
SRWP01-STUBCONNECT: srwp01stc003.stubprod.com GREEN ENABLED
SRWP01-STUBCONNECT: srwp01stc004.stubprod.com GREEN ENABLED
SRWP01-TICKETSEARCH_BROWSE: srwp01tsb001.stubprod.com RED ENABLED
SRWP01-TICKETSEARCH_BROWSE: srwp01tsb002.stubprod.com RED DISABLED
SRWP01-TICKETSEARCH_BROWSE: 10.80.81.45 RED DISABLED
SRWP01-TICKETSEARCH_BROWSE: srwp01lcx007.stubprod.com GREEN DISABLED
SRWP01-TICKETSEARCH_LCS_SLAVES: srwp01lcx008.stubprod.com RED ENABLED
SRWP01-TICKETSEARCH_LCS_SLAVES: srwp01tsl002.stubprod.com RED DISABLED
SRWP01-TICKETSEARCH_LCS_SLAVES: srwp01tsl003.stubprod.com RED DISABLED
SRWP01-TICKETSEARCH_LCS_SLAVES: srwp01tsl004.stubprod.com RED DISABLED
SRWP01-UPX: srwpv1upx001.stubprod.com GREEN ENABLED
SRWP01-UPX: srwp01upx002.stubprod.com GREEN ENABLED
SRWP01-UPX: srwp01upx003.stubprod.com GREEN ENABLED
SRWP01-UPX: srwp01upx004.stubprod.com GREEN ENABLED
internal.eventprocess.com-ssl: 10.80.81.116 GREEN ENABLED
internal.eventprocess.com-ssl: 10.80.81.117 GREEN ENABLED
pricedevent.eventprocess.com-ssl: 10.80.81.108 GREEN ENABLED
pricedevent.eventprocess.com-ssl: 10.80.81.109 GREEN ENABLED
SRWP01-LCS: srwp01lcx007.stubprod.com GREEN ENABLED
SRWP01-LCS: srwp01lcx008.stubprod.com GREEN ENABLED
SRWP01-LCS: srwp01lcx001.stubprod.com GREEN ENABLED
SRWP01-LCS: srwp01lcx002.stubprod.com GREEN ENABLED
SRWP01-LCS: srwp01lcx003.stubprod.com GREEN ENABLED
SRWP01-LCS: srwp01lcx004.stubprod.com GREEN ENABLED
SRWP01-LCS: srwp01lcx005.stubprod.com GREEN ENABLED
SRWP01-LCS: srwp01lcx009.stubprod.com GREEN ENABLED
SRWP01-LCS: srwp01lcx010.stubprod.com GREEN ENABLED
SRWP01-LCS: srwp01lcx011.stubprod.com GREEN ENABLED
SRWP01-LCS: srwp01lcx006.stubprod.com GREEN ENABLED
exchange.eventprocess.com-ssl: srwp01buy005.stubprod.com BLUE ENABLED
exchange.eventprocess.com-ssl: srwp01buy006.stubprod.com RED DISABLED
fedex.eventprocess.com-ssl: 10.80.81.106 GREEN ENABLED
fedex.eventprocess.com-ssl: 10.80.81.107 GREEN ENABLED
www.eventprocess.com-ssl: 10.80.81.25 GREEN ENABLED
www.eventprocess.com-ssl: 10.80.81.26 GREEN ENABLED
SRWP01-AB-TEST-SEARCH: srwp01lcx007.stubprod.com GREEN ENABLED
SRWP01-AB-TEST-SEARCH: srwp01lcx008.stubprod.com GREEN ENABLED
SRWP01-AB-TEST-SEARCH: srwp01lcx001.stubprod.com GREEN ENABLED
SRWP01-AB-TEST-SEARCH: srwp01lcx002.stubprod.com GREEN ENABLED
SRWP01-AB-TEST-SEARCH: srwp01lcx003.stubprod.com GREEN ENABLED
SRWP01-AB-TEST-SEARCH: srwp01lcx004.stubprod.com GREEN ENABLED
SRWP01-AB-TEST-SEARCH: srwp01lcx005.stubprod.com GREEN ENABLED
SRWP01-AB-TEST-SEARCH: srwp01lcx009.stubprod.com GREEN ENABLED
SRWP01-AB-TEST-SEARCH: srwp01lcx010.stubprod.com GREEN ENABLED
SRWP01-AB-TEST-SEARCH: srwp01lcx011.stubprod.com GREEN ENABLED
SRWP01-AB-TEST-SEARCH: srwp01brx007.stubprod.com GREEN ENABLED
SRWP01-AB-TEST-SEARCH: srwp01brx008.stubprod.com GREEN ENABLED
SRWP01-AB-TEST-SEARCH: srwp01brx009.stubprod.com GREEN ENABLED
SRWP01-AB-TEST-SEARCH: srwp01brx001.stubprod.com GREEN ENABLED
SRWP01-AB-TEST-SEARCH: srwp01brx002.stubprod.com GREEN ENABLED
SRWP01-AB-TEST-SEARCH: srwp01brx003.stubprod.com GREEN ENABLED
SRWP01-AB-TEST-SEARCH: srwp01brx004.stubprod.com GREEN ENABLED
SRWP01-AB-TEST-SEARCH: srwp01brx005.stubprod.com GREEN ENABLED
SRWP01-AB-TEST-SEARCH: srwp01brx006.stubprod.com GREEN ENABLED
SRWP01-AB-TEST-SEARCH: srwp01lcx006.stubprod.com GREEN ENABLED
SRWP01-AB-TEST-SEARCH: srwp01brx010.stubprod.com GREEN ENABLED
SRWP01-AB-TEST-SEARCH: srwp01brx011.stubprod.com GREEN ENABLED
SRWP01-AB-TEST-SEARCH: srwp01brx012.stubprod.com GREEN ENABLED
SRWP01-AB-TEST-SEARCH: srwp01brx013.stubprod.com GREEN ENABLED
SRWP01-AB-TEST-SEARCH: srwp01brx014.stubprod.com GREEN ENABLED
tsiapi.eventprocess.com-ssl: srwp01abx002.stubprod.com GREEN ENABLED
tsiapi.eventprocess.com-ssl: srwp01abx003.stubprod.com GREEN ENABLED
internal.eventprocess.com: 10.80.81.116 GREEN ENABLED
internal.eventprocess.com: 10.80.81.117 GREEN ENABLED
www.eventprocess.com: 10.80.81.25 GREEN ENABLED
www.eventprocess.com: 10.80.81.26 GREEN ENABLED
xmlfeed.eventprocess.com-ssl: 10.80.81.110 GREEN ENABLED
xmlfeed.eventprocess.com-ssl: srwp01abx001.stubprod.com GREEN ENABLED
tsiapi.eventprocess.com: srwp01abx002.stubprod.com GREEN ENABLED
tsiapi.eventprocess.com: srwp01abx003.stubprod.com GREEN ENABLED
www.sosticket.com: 10.80.81.100 GREEN ENABLED
www.sosticket.com: srwp01byx011.stubprod.com GREEN ENABLED
sftp.eventprocess.com-pool: srwpv1myx001.stubprod.com BLUE ENABLED
 


