Rb13.14.0-SNAPSHOT-224746.4-000	
Backup Config and NAS locations (/nas/utl/backup)


cap checkup:health  ROLES=cat01,ini01,myx01,slx01,byx01,brx01,stj01,api01,rfi01,ilg00 2>&1 | grep out | sort
cap checkup:health  ROLES=tkn05,pay05 2>&1 | grep out | sort

cap checkup:package  ROLES=cat01,ini01,myx01,slx01,byx01,brx01,stj01,api01,rfi01,ilg00 2>&1 | grep out | sort
cap checkup:package  ROLES=tkn05,pay05 2>&1 | grep out | sort

cap checkup:code  ROLES=cat01,ini01,myx01,slx01,byx01,brx01,stj01,api01,rfi01,ilg00 2>&1 | grep out | sort
cap checkup:code  ROLES=tkn05,pay05 2>&1 | grep out | sort


cap backup:code  ROLES=cat01,ini01,myx01,slx01,byx01,brx01,stj01,api01,rfi01,ilg00 
cap backup:code  ROLES=tkn05,pay05

Rsync the build
[COMMAND] ./replicator -l 13.14.0-SNAPSHOT-224746.4-000

[COMMAND]
cap inpool_out ROLES=cat01a,ini01a,myx01a,slx01a,byx01a,brx01a,stj01a,api01a,rfi01a,ilg00a;
cap inpool_out ROLES=tkn05a,pay05a



STOP HTTPD and JBOSS on pool A
[COMMAND] 
cap stop:httpd  ROLES=cat01a,ini01a,myx01a,slx01a,byx01a,brx01a,stj01a,api01a,rfi01a,ilg00a;
cap stop:httpd  ROLES=tkn05a,pay05a

cap stop:jboss  ROLES=cat01a,ini01a,myx01a,slx01a,byx01a,brx01a,stj01a,api01a,rfi01a,ilg00a;
cap stop:jboss  ROLES=tkn05a,pay05a

Deploy package on pool A
[COMMAND]
cap -s build_label=13.14.0-SNAPSHOT-224746.4-000 deploy:package ROLES=cat01a,ini01a,myx01a,slx01a,byx01a,brx01a,stj01a,api01a,rfi01a,ilg00a;
cap -s build_label=13.14.0-SNAPSHOT-224746.4-000 deploy:package ROLES=tkn05a,pay05a



[DOING] Start HTTPD and JBOSS on pool A
[COMMAND]
cap start:httpd  ROLES=cat01a,ini01a,myx01a,slx01a,byx01a,brx01a,stj01a,api01a,rfi01a,ilg00a
cap start:httpd  ROLES=tkn05a,pay05a

cap start:jboss  ROLES=cat01a,ini01a,myx01a,slx01a,byx01a,brx01a,stj01a,api01a,rfi01a,ilg00a
cap start:jboss  ROLES=tkn05a,pay05a

cap inpool_out ROLES=job00b
cap stop:jboss ROLES=job00b
cap inpool_out ROLES=jos05b
cap stop:jboss ROLES=jos05b



CF
ssh srwp01mgt002.stubprod.com

Restart CFN on Pool A Blades 
[COMMAND] cap inpool_out ROLES=cfs01a
[COMMAND] /nas/reg/bin/sinstall -tag rb_ecomm_13_14_cfm_cf
           cap restart:cf ROLES=cfs01a

SWAP Pool A/B
[COMMAND]
cap inpool_in ROLES=cat01a,ini01a,myx01a,slx01a,byx01a,brx01a,stj01a,api01a,rfi01a,ilg00a,cfs01a;cap inpool_out ROLES=cat01b,ini01b,myx01b,slx01b,byx01b,brx01b,stj01b,api01b,rfi01b,ilg00b,cfs01b;
cap inpool_in ROLES=tkn05a,pay05a;cap inpool_out ROLES=tkn05b,pay05b


FLEX
Mgt002
#/nas/reg/deploy/bin/deploy-flex-to-prod /nas/reg/deploy/releases/rb_ecomm_13_4_1/2013-03-15/flex-files.20130315.010326+0000.tar

STATIC

/nas/reg/bin/sinstall -tag rb_ecomm_13_14_static_cf

cap stop:jboss ROLES=rfi01b




Deploy Pool B

Stop httpd and jboss; Deploy package; Start httpd and jboss
[COMMAND]
cap stop:httpd ROLES=cat01b,ini01b,myx01b,slx01b,byx01b,brx01b,stj01b,api01b,rfi01b,ilg00b;
cap stop:httpd ROLES=tkn05b,pay05b

cap stop:jboss  ROLES=cat01b,ini01b,myx01b,slx01b,byx01b,brx01b,stj01b,api01b,rfi01b,ilg00b;
cap stop:jboss  ROLES=tkn05b,pay05b

Deploy package on pool B
[COMMAND]
cap -s build_label=13.14.0-SNAPSHOT-224746.4-000 deploy:package ROLES=cat01b,ini01b,myx01b,slx01b,byx01b,brx01b,stj01b,api01b,rfi01b,ilg00b;
cap -s build_label=13.14.0-SNAPSHOT-224746.4-000 deploy:package ROLES=tkn05b,pay05b


cap start:jboss  ROLES=cat01b,ini01b,myx01b,slx01b,byx01b,brx01b,stj01b,api01b,rfi01b,ilg00b
cap start:jboss  ROLES=tkn05b,pay05b

cap start:httpd  ROLES=cat01b,ini01b,myx01b,slx01b,byx01b,brx01b,stj01b,api01b,rfi01b,ilg00b
cap start:httpd  ROLES=tkn05b,pay05b



Restart cf on pool B
[COMMAND]
cap restart:cf ROLES=cfs01b

Put back in pool B
[COMMAND]

cap inpool_in ROLES=cat01b,ini01b,myx01b,slx01b,byx01b,brx01b,stj01b,api01b,rfi01b,ilg00b,cfs01b
cap inpool_in ROLES=tkn05b,pay05b


#Rollback Plan
6.2
cap start:jboss ROLES=rfi01b
cap start:jboss ROLES=

[COMMAND]
cap inpool_in ROLES=cat01b,ini01b,myx01b,slx01b,byx01b,brx01b,stj01b,api01b,rfi01b,ilg00b,cfs01b;cap inpool_out ROLES=cat01a,ini01a,myx01a,slx01a,byx01a,brx01a,stj01a,api01a,rfi01a,ilg00a,cfs01a
cap inpool_in ROLES=tkn05b,pay05b;cap inpool_out ROLES=tkn05a,pay05a


6.4

ssh srwp01mgt002.stubprod.com
/usr/local/reg/bin/sinstall -tag rb13_14_cfm_cf -rollback
/usr/local/reg/bin/sinstall -tag rb13_14_static_cf -rollback

cap restart:cf ROLES=cfs01a

#/nas/reg/deploy/bin/deploy-flex-to-prod /nas/reg/deploy/releases/rb1303/2013-01-29/flex-files.20130129.013415+0000.tar rollback

6.6

[COMMAND]
cap stop:httpd ROLES=cat01a,ini01a,myx01a,slx01a,byx01a,brx01a,stj01a,api01a,rfi01a,ilg00a
cap stop:httpd ROLES=tkn05a,pay05a

cap stop:jboss  ROLES=cat01a,ini01a,myx01a,slx01a,byx01a,brx01a,stj01a,api01a,rfi01a,ilg00a
cap stop:jboss  ROLES=tkn05a,pay05a

Deploy package on pool A
[COMMAND]

cap -s build_label=13.13.0-SNAPSHOT-223096.43-000 deploy:package ROLES=brx01a
cap -s build_label=13.13.0-SNAPSHOT-221675.8-000 deploy:package ROLES=ilg00a
cap -s build_label=13.13.0-SNAPSHOT-222129.19-000 deploy:package ROLES=byx01a,rfi01a
cap -s build_label=13.13.0-SNAPSHOT-222616.32-000 deploy:package ROLES=stj01a
cap -s build_label=13.13.0-SNAPSHOT-223057.42-000 deploy:package ROLES=myx01a,api01a
cap -s build_label=13.13.0-SNAPSHOT-224141.45-002 deploy:package ROLES=cat01a 

cap -s build_label=13.13.0-SNAPSHOT-221675.8-000 deploy:package ROLES=tkn05a,pay05a 

Start HTTPD and JBOSS on pool A
[COMMAND]
cap start:httpd ROLES=cat01a,ini01a,myx01a,slx01a,byx01a,brx01a,stj01a,api01a,rfi01a,ilg00a
cap start:httpd ROLES=tkn05a,pay05a

cap start:jboss  ROLES=cat01a,ini01a,myx01a,slx01a,byx01a,brx01a,stj01a,api01a,rfi01a,ilg00a
cap start:jboss  ROLES=tkn05a,pay05a


cap restart:cf ROLES=cfs01a

cap inpool_in ROLES=cat01a,ini01a,myx01a,slx01a,byx01a,brx01a,stj01a,api01a,rfi01a,ilg00a,cfs01a
cap inpool_in ROLES=tkn05a,pay05a








